<?xml version="1.0" encoding="UTF-8"?>
<testsuite xmlns:xsi="http://www.w3.org/2001/XMLSchema-instance" xsi:noNamespaceSchemaLocation="https://maven.apache.org/surefire/maven-surefire-plugin/xsd/surefire-test-report.xsd" name="org.acme.restclient.CountriesResourceTest" time="9.899" tests="2" errors="0" skipped="0" failures="2">
  <properties>
[...]
</properties>
  <testcase name="testCountryNameEndpoint" classname="org.acme.restclient.CountriesResourceTest" time="1.413">
    <failure message="1 expectation failed.&#10;Expected status code &lt;200&gt; but was &lt;404&gt;.&#10;" type="java.lang.AssertionError"><![CDATA[java.lang.AssertionError: 
1 expectation failed.
Expected status code <200> but was <404>.

	at org.acme.restclient.CountriesResourceTest.testCountryNameEndpoint(CountriesResourceTest.java:17)
]]></failure>
    <system-out><![CDATA[2019-08-08 12:43:24,428 INFO  [io.qua.dep.QuarkusAugmentor] (main) Beginning quarkus augmentation
2019-08-08 12:43:28,846 WARN  [io.qua.resteasy] (build-11) Detected RESTEasy annotation org.jboss.resteasy.annotations.jaxrs.QueryParam on method parameter org.acme.restclient.CountriesService.getCaseFile with no name. Either specify its name, or tell your compiler to enable debug info (-g) or parameter names (-parameters). This message is only logged for the first such parameter.
2019-08-08 12:43:29,589 INFO  [io.qua.dep.QuarkusAugmentor] (main) Quarkus augmentation completed in 5161ms
2019-08-08 12:43:30,994 INFO  [io.quarkus] (main) Quarkus 0.20.0 started in 1.404s. Listening on: http://[::]:8081
2019-08-08 12:43:30,995 INFO  [io.quarkus] (main) Installed features: [cdi, kogito, rest-client, resteasy, resteasy-jackson, resteasy-jsonb]
]]></system-out>
  </testcase>
  <testcase name="testCountryNameAsyncEndpoint" classname="org.acme.restclient.CountriesResourceTest" time="0.016">
    <failure message="1 expectation failed.&#10;Expected status code &lt;200&gt; but was &lt;404&gt;.&#10;" type="java.lang.AssertionError"><![CDATA[java.lang.AssertionError: 
1 expectation failed.
Expected status code <200> but was <404>.

	at org.acme.restclient.CountriesResourceTest.testCountryNameAsyncEndpoint(CountriesResourceTest.java:31)
]]></failure>
  </testcase>
</testsuite>